<?xml version="1.0" encoding="UTF-8" ?>
<testsuite tests="1" failures="1" name="TestSuite" time="1.914" errors="0" skipped="0">
  <properties>
[...]
</properties>
  <testcase classname="GetCurrenciesListTest" name="testPromotionsAPI" time="1.914">
    <failure message="Schema to use cannot be null" type="java.lang.IllegalArgumentException">java.lang.IllegalArgumentException: Schema to use cannot be null
	at io.restassured.module.jsv.JsonSchemaValidator.validateSchemaIsNotNull(JsonSchemaValidator.java:270)
	at io.restassured.module.jsv.JsonSchemaValidator.access$300(JsonSchemaValidator.java:75)
	at io.restassured.module.jsv.JsonSchemaValidator$JsonSchemaValidatorFactory.create(JsonSchemaValidator.java:281)
	at io.restassured.module.jsv.JsonSchemaValidator.matchesJsonSchema(JsonSchemaValidator.java:166)
	at io.restassured.module.jsv.JsonSchemaValidator.matchesJsonSchemaInClasspath(JsonSchemaValidator.java:117)
	at Common.Helper.validateJSONSchema(Helper.java:11)
	at GetCurrenciesListTest.testPromotionsAPI(GetCurrenciesListTest.java:12)
</failure>
    <system-out>Configuring TestNG with: org.apache.maven.surefire.testng.conf.TestNG652Configurator@2b80d80f
{
    &quot;base&quot;: {
        &quot;symbol&quot;: &quot;SAR&quot;,
        &quot;name&quot;: &quot;Saudi Riyal&quot;,
        &quot;name_ar&quot;: &quot;ريال سعودي&quot;,
        &quot;symbol_native&quot;: &quot;ر.س.‏&quot;,
        &quot;decimal_digits&quot;: 2,
        &quot;rounding&quot;: 0,
        &quot;code&quot;: &quot;SAR&quot;,
        &quot;name_plural&quot;: &quot;Saudi riyals&quot;
    },
    &quot;equivalent&quot;: [
        {
            &quot;symbol&quot;: &quot;SAR&quot;,
            &quot;name&quot;: &quot;Saudi Riyal&quot;,
            &quot;name_ar&quot;: &quot;ريال سعودي&quot;,
            &quot;symbol_native&quot;: &quot;ر.س.‏&quot;,
            &quot;decimal_digits&quot;: 2,
            &quot;rounding&quot;: 0,
            &quot;code&quot;: &quot;SAR&quot;,
            &quot;name_plural&quot;: &quot;Saudi riyals&quot;,
            &quot;rate&quot;: 1,
            &quot;Rate&quot;: 1,
            &quot;date&quot;: &quot;2023-07-18 08:49:16&quot;
        },
        {
            &quot;symbol&quot;: &quot;AED&quot;,
            &quot;name&quot;: &quot;United Arab Emirates Dirham&quot;,
            &quot;name_ar&quot;: &quot;درهم اماراتي&quot;,
            &quot;symbol_native&quot;: &quot;د.إ.‏&quot;,
            &quot;decimal_digits&quot;: 2,
            &quot;rounding&quot;: 0,
            &quot;code&quot;: &quot;AED&quot;,
            &quot;name_plural&quot;: &quot;UAE dirhams&quot;,
            &quot;rate&quot;: 0.979033,
            &quot;Rate&quot;: 0.979033,
            &quot;date&quot;: &quot;2023-07-18 08:50:03&quot;
        },
        {
            &quot;symbol&quot;: &quot;QAR&quot;,
            &quot;name&quot;: &quot;Qatari Rial&quot;,
            &quot;name_ar&quot;: &quot;ريال قطري&quot;,
            &quot;symbol_native&quot;: &quot;ر.ق.‏&quot;,
            &quot;decimal_digits&quot;: 2,
            &quot;rounding&quot;: 0,
            &quot;code&quot;: &quot;QAR&quot;,
            &quot;name_plural&quot;: &quot;Qatari rials&quot;,
            &quot;rate&quot;: 0.970502,
            &quot;Rate&quot;: 0.970502,
            &quot;date&quot;: &quot;2023-07-18 08:51:03&quot;
        },
        {
            &quot;symbol&quot;: &quot;KWD&quot;,
            &quot;name&quot;: &quot;Kuwaiti Dinar&quot;,
            &quot;name_ar&quot;: &quot;دينار كويتي&quot;,
            &quot;symbol_native&quot;: &quot;د.ك.‏&quot;,
            &quot;decimal_digits&quot;: 3,
            &quot;rounding&quot;: 0,
            &quot;code&quot;: &quot;KWD&quot;,
            &quot;name_plural&quot;: &quot;Kuwaiti dinars&quot;,
            &quot;rate&quot;: 0.081635,
            &quot;Rate&quot;: 0.081635,
            &quot;date&quot;: &quot;2023-07-18 08:50:03&quot;
        },
        {
            &quot;symbol&quot;: &quot;BHD&quot;,
            &quot;name&quot;: &quot;Bahraini Dinar&quot;,
            &quot;name_ar&quot;: &quot;دينار بحريني&quot;,
            &quot;symbol_native&quot;: &quot;د.ب.‏&quot;,
            &quot;decimal_digits&quot;: 3,
            &quot;rounding&quot;: 0,
            &quot;code&quot;: &quot;BHD&quot;,
            &quot;name_plural&quot;: &quot;Bahraini dinars&quot;,
            &quot;rate&quot;: 0.100494,
            &quot;Rate&quot;: 0.100494,
            &quot;date&quot;: &quot;2023-07-18 08:50:03&quot;
        },
        {
            &quot;symbol&quot;: &quot;$&quot;,
            &quot;name&quot;: &quot;US Dollar&quot;,
            &quot;name_ar&quot;: &quot;دولار أمريكي&quot;,
            &quot;symbol_native&quot;: &quot;$&quot;,
            &quot;decimal_digits&quot;: 2,
            &quot;rounding&quot;: 0,
            &quot;code&quot;: &quot;USD&quot;,
            &quot;name_plural&quot;: &quot;US dollars&quot;,
            &quot;rate&quot;: 0.266545,
            &quot;Rate&quot;: 0.266545,
            &quot;date&quot;: &quot;2023-07-18 08:51:03&quot;
        },
        {
            &quot;symbol&quot;: &quot;€&quot;,
            &quot;name&quot;: &quot;Euro&quot;,
            &quot;name_ar&quot;: &quot;يورو&quot;,
            &quot;symbol_native&quot;: &quot;€&quot;,
            &quot;decimal_digits&quot;: 2,
            &quot;rounding&quot;: 0,
            &quot;code&quot;: &quot;EUR&quot;,
            &quot;name_plural&quot;: &quot;euros&quot;,
            &quot;rate&quot;: 0.237292,
            &quot;Rate&quot;: 0.237292,
            &quot;date&quot;: &quot;2023-07-18 08:51:03&quot;
        },
        {
            &quot;symbol&quot;: &quot;£&quot;,
            &quot;name&quot;: &quot;British Pound Sterling&quot;,
            &quot;name_ar&quot;: &quot;الجنيه الاسترليني&quot;,
            &quot;symbol_native&quot;: &quot;£&quot;,
            &quot;decimal_digits&quot;: 2,
            &quot;rounding&quot;: 0,
            &quot;code&quot;: &quot;GBP&quot;,
            &quot;name_plural&quot;: &quot;British pounds sterling&quot;,
            &quot;rate&quot;: 0.203791,
            &quot;Rate&quot;: 0.203791,
            &quot;date&quot;: &quot;2023-07-18 08:51:03&quot;
        },
        {
            &quot;symbol&quot;: &quot;EGP&quot;,
            &quot;name&quot;: &quot;Egyptian Pound&quot;,
            &quot;name_ar&quot;: &quot;جنيه مصري&quot;,
            &quot;symbol_native&quot;: &quot;ج.م.‏&quot;,
            &quot;decimal_digits&quot;: 2,
            &quot;rounding&quot;: 0,
            &quot;code&quot;: &quot;EGP&quot;,
            &quot;name_plural&quot;: &quot;Egyptian pounds&quot;,
            &quot;rate&quot;: 8.23622,
            &quot;Rate&quot;: 8.23622,
            &quot;date&quot;: &quot;2023-07-18 09:29:03&quot;
        },
        {
            &quot;symbol&quot;: &quot;₹&quot;,
            &quot;name&quot;: &quot;Indian Rupee&quot;,
            &quot;name_ar&quot;: &quot;روبية هندية&quot;,
            &quot;symbol_native&quot;: &quot;₹&quot;,
            &quot;decimal_digits&quot;: 2,
            &quot;rounding&quot;: 0,
            &quot;code&quot;: &quot;INR&quot;,
            &quot;name_plural&quot;: &quot;Indian rupees&quot;,
            &quot;rate&quot;: 21.864214,
            &quot;Rate&quot;: 21.864214,
            &quot;date&quot;: &quot;2023-07-18 09:32:03&quot;
        },
        {
            &quot;symbol&quot;: &quot;OMR&quot;,
            &quot;name&quot;: &quot;Omani Rial&quot;,
            &quot;name_ar&quot;: &quot;ريال عماني&quot;,
            &quot;symbol_native&quot;: &quot;ر.ع.‏&quot;,
            &quot;decimal_digits&quot;: 3,
            &quot;rounding&quot;: 0,
            &quot;code&quot;: &quot;OMR&quot;,
            &quot;name_plural&quot;: &quot;Omani rials&quot;,
            &quot;rate&quot;: 0.102471,
            &quot;Rate&quot;: 0.102471,
            &quot;date&quot;: &quot;2023-07-17 10:16:03&quot;
        }
    ],
    &quot;failed&quot;: [
        
    ]
}
</system-out>
  </testcase>
</testsuite>